<?xml version="1.0" encoding="UTF-8"?>
<!-- Generated by org.testng.reporters.JUnitReportReporter -->
<testsuite hostname="Arshiya" failures="0" tests="2" name="Sample_test.Sample1" time="0.046" errors="0" timestamp="2024-08-27T16:04:28 IST" skipped="1">
  <testcase classname="Sample_test.Sample1" name="createUser" time="0.046"/>
  <system-out/>
  <testcase classname="Sample_test.Sample1" name="modifyUser">
    <skipped/>
  </testcase> <!-- modifyUser -->
  <system-out/>
</testsuite> <!-- Sample_test.Sample1 -->
